{"/Users/alejandroalbitestapia/Desktop/ale/programa-top/asessment-backend/src/app.js": {"path":"/Users/alejandroalbitestapia/Desktop/ale/programa-top/asessment-backend/src/app.js","statementMap":{"0":{"start":{"line":1,"column":16},"end":{"line":1,"column":34}},"1":{"start":{"line":2,"column":13},"end":{"line":2,"column":28}},"2":{"start":{"line":3,"column":0},"end":{"line":3,"column":27}},"3":{"start":{"line":5,"column":19},"end":{"line":5,"column":43}},"4":{"start":{"line":6,"column":23},"end":{"line":6,"column":51}},"5":{"start":{"line":7,"column":18},"end":{"line":7,"column":41}},"6":{"start":{"line":9,"column":12},"end":{"line":9,"column":21}},"7":{"start":{"line":12,"column":0},"end":{"line":12,"column":24}},"8":{"start":{"line":13,"column":0},"end":{"line":13,"column":16}},"9":{"start":{"line":16,"column":0},"end":{"line":16,"column":36}},"10":{"start":{"line":17,"column":0},"end":{"line":17,"column":32}},"11":{"start":{"line":18,"column":0},"end":{"line":18,"column":27}},"12":{"start":{"line":20,"column":0},"end":{"line":20,"column":21}}},"fnMap":{},"branchMap":{},"s":{"0":4,"1":4,"2":4,"3":4,"4":4,"5":4,"6":4,"7":4,"8":4,"9":4,"10":4,"11":4,"12":4},"f":{},"b":{},"_coverageSchema":"1a1c01bbd47fc00a2c39e90264f33305004495a9","hash":"3229db2899ce6679002f0ee4d3662b2606365a36"}
,"/Users/alejandroalbitestapia/Desktop/ale/programa-top/asessment-backend/src/db.js": {"path":"/Users/alejandroalbitestapia/Desktop/ale/programa-top/asessment-backend/src/db.js","statementMap":{"0":{"start":{"line":1,"column":17},"end":{"line":1,"column":36}},"1":{"start":{"line":6,"column":2},"end":{"line":6,"column":25}},"2":{"start":{"line":6,"column":18},"end":{"line":6,"column":25}},"3":{"start":{"line":8,"column":14},"end":{"line":8,"column":37}},"4":{"start":{"line":10,"column":18},"end":{"line":13,"column":3}},"5":{"start":{"line":15,"column":2},"end":{"line":15,"column":35}},"6":{"start":{"line":17,"column":2},"end":{"line":19,"column":5}},"7":{"start":{"line":18,"column":4},"end":{"line":18,"column":68}},"8":{"start":{"line":20,"column":2},"end":{"line":20,"column":79}},"9":{"start":{"line":20,"column":38},"end":{"line":20,"column":77}},"10":{"start":{"line":21,"column":2},"end":{"line":21,"column":76}},"11":{"start":{"line":21,"column":34},"end":{"line":21,"column":74}},"12":{"start":{"line":23,"column":2},"end":{"line":23,"column":33}},"13":{"start":{"line":27,"column":2},"end":{"line":27,"column":26}},"14":{"start":{"line":27,"column":19},"end":{"line":27,"column":26}},"15":{"start":{"line":28,"column":2},"end":{"line":28,"column":30}},"16":{"start":{"line":32,"column":2},"end":{"line":34,"column":3}},"17":{"start":{"line":33,"column":4},"end":{"line":33,"column":60}},"18":{"start":{"line":37,"column":0},"end":{"line":37,"column":52}}},"fnMap":{"0":{"name":"connect","decl":{"start":{"line":5,"column":9},"end":{"line":5,"column":16}},"loc":{"start":{"line":5,"column":19},"end":{"line":24,"column":1}},"line":5},"1":{"name":"(anonymous_1)","decl":{"start":{"line":17,"column":26},"end":{"line":17,"column":27}},"loc":{"start":{"line":17,"column":32},"end":{"line":19,"column":3}},"line":17},"2":{"name":"(anonymous_2)","decl":{"start":{"line":20,"column":32},"end":{"line":20,"column":33}},"loc":{"start":{"line":20,"column":38},"end":{"line":20,"column":77}},"line":20},"3":{"name":"(anonymous_3)","decl":{"start":{"line":21,"column":25},"end":{"line":21,"column":26}},"loc":{"start":{"line":21,"column":34},"end":{"line":21,"column":74}},"line":21},"4":{"name":"disconnected","decl":{"start":{"line":26,"column":15},"end":{"line":26,"column":27}},"loc":{"start":{"line":26,"column":30},"end":{"line":29,"column":1}},"line":26},"5":{"name":"cleanup","decl":{"start":{"line":31,"column":15},"end":{"line":31,"column":22}},"loc":{"start":{"line":31,"column":25},"end":{"line":35,"column":1}},"line":31}},"branchMap":{"0":{"loc":{"start":{"line":6,"column":2},"end":{"line":6,"column":25}},"type":"if","locations":[{"start":{"line":6,"column":2},"end":{"line":6,"column":25}},{"start":{},"end":{}}],"line":6},"1":{"loc":{"start":{"line":27,"column":2},"end":{"line":27,"column":26}},"type":"if","locations":[{"start":{"line":27,"column":2},"end":{"line":27,"column":26}},{"start":{},"end":{}}],"line":27}},"s":{"0":4,"1":4,"2":0,"3":4,"4":4,"5":4,"6":4,"7":4,"8":4,"9":4,"10":4,"11":0,"12":4,"13":4,"14":0,"15":4,"16":14,"17":42,"18":4},"f":{"0":4,"1":4,"2":4,"3":0,"4":4,"5":14},"b":{"0":[0,4],"1":[0,4]},"_coverageSchema":"1a1c01bbd47fc00a2c39e90264f33305004495a9","hash":"2a89933e08b7f4491e6b98ffd6471ab9d8e4109d"}
,"/Users/alejandroalbitestapia/Desktop/ale/programa-top/asessment-backend/src/controllers/fav.controller.js": {"path":"/Users/alejandroalbitestapia/Desktop/ale/programa-top/asessment-backend/src/controllers/fav.controller.js","statementMap":{"0":{"start":{"line":1,"column":17},"end":{"line":1,"column":52}},"1":{"start":{"line":2,"column":12},"end":{"line":2,"column":42}},"2":{"start":{"line":3,"column":13},"end":{"line":3,"column":44}},"3":{"start":{"line":5,"column":15},"end":{"line":38,"column":1}},"4":{"start":{"line":6,"column":2},"end":{"line":37,"column":3}},"5":{"start":{"line":7,"column":26},"end":{"line":7,"column":34}},"6":{"start":{"line":8,"column":23},"end":{"line":8,"column":26}},"7":{"start":{"line":10,"column":20},"end":{"line":10,"column":54}},"8":{"start":{"line":12,"column":4},"end":{"line":14,"column":5}},"9":{"start":{"line":13,"column":6},"end":{"line":13,"column":41}},"10":{"start":{"line":16,"column":17},"end":{"line":16,"column":44}},"11":{"start":{"line":17,"column":4},"end":{"line":19,"column":5}},"12":{"start":{"line":18,"column":6},"end":{"line":18,"column":38}},"13":{"start":{"line":21,"column":4},"end":{"line":23,"column":5}},"14":{"start":{"line":22,"column":6},"end":{"line":22,"column":63}},"15":{"start":{"line":25,"column":16},"end":{"line":25,"column":49}},"16":{"start":{"line":27,"column":4},"end":{"line":32,"column":6}},"17":{"start":{"line":33,"column":4},"end":{"line":33,"column":75}},"18":{"start":{"line":35,"column":4},"end":{"line":35,"column":21}},"19":{"start":{"line":36,"column":4},"end":{"line":36,"column":77}},"20":{"start":{"line":40,"column":13},"end":{"line":49,"column":1}},"21":{"start":{"line":41,"column":2},"end":{"line":48,"column":3}},"22":{"start":{"line":42,"column":17},"end":{"line":42,"column":33}},"23":{"start":{"line":44,"column":4},"end":{"line":44,"column":74}},"24":{"start":{"line":46,"column":4},"end":{"line":46,"column":21}},"25":{"start":{"line":47,"column":4},"end":{"line":47,"column":78}},"26":{"start":{"line":51,"column":13},"end":{"line":65,"column":1}},"27":{"start":{"line":52,"column":2},"end":{"line":64,"column":3}},"28":{"start":{"line":53,"column":22},"end":{"line":53,"column":32}},"29":{"start":{"line":54,"column":16},"end":{"line":54,"column":41}},"30":{"start":{"line":55,"column":4},"end":{"line":57,"column":5}},"31":{"start":{"line":56,"column":6},"end":{"line":56,"column":37}},"32":{"start":{"line":59,"column":4},"end":{"line":59,"column":77}},"33":{"start":{"line":61,"column":4},"end":{"line":63,"column":69}},"34":{"start":{"line":67,"column":16},"end":{"line":100,"column":1}},"35":{"start":{"line":68,"column":2},"end":{"line":99,"column":3}},"36":{"start":{"line":69,"column":22},"end":{"line":69,"column":32}},"37":{"start":{"line":70,"column":23},"end":{"line":70,"column":26}},"38":{"start":{"line":72,"column":17},"end":{"line":72,"column":44}},"39":{"start":{"line":73,"column":4},"end":{"line":75,"column":5}},"40":{"start":{"line":74,"column":6},"end":{"line":74,"column":38}},"41":{"start":{"line":76,"column":16},"end":{"line":76,"column":41}},"42":{"start":{"line":77,"column":4},"end":{"line":79,"column":5}},"43":{"start":{"line":78,"column":6},"end":{"line":78,"column":37}},"44":{"start":{"line":80,"column":20},"end":{"line":80,"column":58}},"45":{"start":{"line":82,"column":4},"end":{"line":84,"column":5}},"46":{"start":{"line":83,"column":6},"end":{"line":83,"column":63}},"47":{"start":{"line":85,"column":4},"end":{"line":85,"column":41}},"48":{"start":{"line":86,"column":4},"end":{"line":91,"column":6}},"49":{"start":{"line":93,"column":4},"end":{"line":93,"column":74}},"50":{"start":{"line":95,"column":4},"end":{"line":95,"column":21}},"51":{"start":{"line":96,"column":4},"end":{"line":98,"column":75}},"52":{"start":{"line":102,"column":0},"end":{"line":107,"column":2}}},"fnMap":{"0":{"name":"(anonymous_0)","decl":{"start":{"line":5,"column":15},"end":{"line":5,"column":16}},"loc":{"start":{"line":5,"column":35},"end":{"line":38,"column":1}},"line":5},"1":{"name":"(anonymous_1)","decl":{"start":{"line":40,"column":13},"end":{"line":40,"column":14}},"loc":{"start":{"line":40,"column":33},"end":{"line":49,"column":1}},"line":40},"2":{"name":"(anonymous_2)","decl":{"start":{"line":51,"column":13},"end":{"line":51,"column":14}},"loc":{"start":{"line":51,"column":33},"end":{"line":65,"column":1}},"line":51},"3":{"name":"(anonymous_3)","decl":{"start":{"line":67,"column":16},"end":{"line":67,"column":17}},"loc":{"start":{"line":67,"column":36},"end":{"line":100,"column":1}},"line":67}},"branchMap":{"0":{"loc":{"start":{"line":12,"column":4},"end":{"line":14,"column":5}},"type":"if","locations":[{"start":{"line":12,"column":4},"end":{"line":14,"column":5}},{"start":{},"end":{}}],"line":12},"1":{"loc":{"start":{"line":17,"column":4},"end":{"line":19,"column":5}},"type":"if","locations":[{"start":{"line":17,"column":4},"end":{"line":19,"column":5}},{"start":{},"end":{}}],"line":17},"2":{"loc":{"start":{"line":21,"column":4},"end":{"line":23,"column":5}},"type":"if","locations":[{"start":{"line":21,"column":4},"end":{"line":23,"column":5}},{"start":{},"end":{}}],"line":21},"3":{"loc":{"start":{"line":55,"column":4},"end":{"line":57,"column":5}},"type":"if","locations":[{"start":{"line":55,"column":4},"end":{"line":57,"column":5}},{"start":{},"end":{}}],"line":55},"4":{"loc":{"start":{"line":73,"column":4},"end":{"line":75,"column":5}},"type":"if","locations":[{"start":{"line":73,"column":4},"end":{"line":75,"column":5}},{"start":{},"end":{}}],"line":73},"5":{"loc":{"start":{"line":77,"column":4},"end":{"line":79,"column":5}},"type":"if","locations":[{"start":{"line":77,"column":4},"end":{"line":79,"column":5}},{"start":{},"end":{}}],"line":77},"6":{"loc":{"start":{"line":82,"column":4},"end":{"line":84,"column":5}},"type":"if","locations":[{"start":{"line":82,"column":4},"end":{"line":84,"column":5}},{"start":{},"end":{}}],"line":82}},"s":{"0":4,"1":4,"2":4,"3":4,"4":0,"5":0,"6":0,"7":0,"8":0,"9":0,"10":0,"11":0,"12":0,"13":0,"14":0,"15":0,"16":0,"17":0,"18":0,"19":0,"20":4,"21":0,"22":0,"23":0,"24":0,"25":0,"26":4,"27":0,"28":0,"29":0,"30":0,"31":0,"32":0,"33":0,"34":4,"35":0,"36":0,"37":0,"38":0,"39":0,"40":0,"41":0,"42":0,"43":0,"44":0,"45":0,"46":0,"47":0,"48":0,"49":0,"50":0,"51":0,"52":4},"f":{"0":0,"1":0,"2":0,"3":0},"b":{"0":[0,0],"1":[0,0],"2":[0,0],"3":[0,0],"4":[0,0],"5":[0,0],"6":[0,0]},"_coverageSchema":"1a1c01bbd47fc00a2c39e90264f33305004495a9","hash":"554490b320b3dfe1e935a633faacef6870bf1859"}
,"/Users/alejandroalbitestapia/Desktop/ale/programa-top/asessment-backend/src/controllers/listFavs.controller.js": {"path":"/Users/alejandroalbitestapia/Desktop/ale/programa-top/asessment-backend/src/controllers/listFavs.controller.js","statementMap":{"0":{"start":{"line":1,"column":17},"end":{"line":1,"column":52}},"1":{"start":{"line":2,"column":13},"end":{"line":2,"column":44}},"2":{"start":{"line":4,"column":15},"end":{"line":30,"column":1}},"3":{"start":{"line":5,"column":2},"end":{"line":29,"column":3}},"4":{"start":{"line":6,"column":23},"end":{"line":6,"column":26}},"5":{"start":{"line":8,"column":17},"end":{"line":8,"column":44}},"6":{"start":{"line":10,"column":4},"end":{"line":12,"column":5}},"7":{"start":{"line":11,"column":6},"end":{"line":11,"column":38}},"8":{"start":{"line":13,"column":21},"end":{"line":13,"column":75}},"9":{"start":{"line":15,"column":4},"end":{"line":20,"column":6}},"10":{"start":{"line":21,"column":4},"end":{"line":23,"column":72}},"11":{"start":{"line":25,"column":4},"end":{"line":25,"column":21}},"12":{"start":{"line":26,"column":4},"end":{"line":28,"column":69}},"13":{"start":{"line":32,"column":13},"end":{"line":44,"column":1}},"14":{"start":{"line":33,"column":2},"end":{"line":43,"column":3}},"15":{"start":{"line":34,"column":21},"end":{"line":34,"column":42}},"16":{"start":{"line":36,"column":4},"end":{"line":38,"column":74}},"17":{"start":{"line":40,"column":4},"end":{"line":42,"column":70}},"18":{"start":{"line":46,"column":13},"end":{"line":59,"column":1}},"19":{"start":{"line":47,"column":2},"end":{"line":58,"column":3}},"20":{"start":{"line":48,"column":19},"end":{"line":48,"column":29}},"21":{"start":{"line":49,"column":20},"end":{"line":49,"column":47}},"22":{"start":{"line":51,"column":4},"end":{"line":53,"column":68}},"23":{"start":{"line":55,"column":4},"end":{"line":57,"column":69}},"24":{"start":{"line":61,"column":16},"end":{"line":92,"column":1}},"25":{"start":{"line":62,"column":2},"end":{"line":91,"column":3}},"26":{"start":{"line":63,"column":19},"end":{"line":63,"column":29}},"27":{"start":{"line":64,"column":23},"end":{"line":64,"column":26}},"28":{"start":{"line":66,"column":17},"end":{"line":66,"column":44}},"29":{"start":{"line":67,"column":4},"end":{"line":69,"column":5}},"30":{"start":{"line":68,"column":6},"end":{"line":68,"column":38}},"31":{"start":{"line":70,"column":20},"end":{"line":70,"column":47}},"32":{"start":{"line":72,"column":4},"end":{"line":74,"column":5}},"33":{"start":{"line":73,"column":6},"end":{"line":73,"column":63}},"34":{"start":{"line":75,"column":4},"end":{"line":75,"column":50}},"35":{"start":{"line":76,"column":4},"end":{"line":81,"column":6}},"36":{"start":{"line":83,"column":4},"end":{"line":85,"column":70}},"37":{"start":{"line":87,"column":4},"end":{"line":87,"column":21}},"38":{"start":{"line":88,"column":4},"end":{"line":90,"column":80}},"39":{"start":{"line":94,"column":0},"end":{"line":99,"column":2}}},"fnMap":{"0":{"name":"(anonymous_0)","decl":{"start":{"line":4,"column":15},"end":{"line":4,"column":16}},"loc":{"start":{"line":4,"column":35},"end":{"line":30,"column":1}},"line":4},"1":{"name":"(anonymous_1)","decl":{"start":{"line":32,"column":13},"end":{"line":32,"column":14}},"loc":{"start":{"line":32,"column":33},"end":{"line":44,"column":1}},"line":32},"2":{"name":"(anonymous_2)","decl":{"start":{"line":46,"column":13},"end":{"line":46,"column":14}},"loc":{"start":{"line":46,"column":33},"end":{"line":59,"column":1}},"line":46},"3":{"name":"(anonymous_3)","decl":{"start":{"line":61,"column":16},"end":{"line":61,"column":17}},"loc":{"start":{"line":61,"column":36},"end":{"line":92,"column":1}},"line":61}},"branchMap":{"0":{"loc":{"start":{"line":10,"column":4},"end":{"line":12,"column":5}},"type":"if","locations":[{"start":{"line":10,"column":4},"end":{"line":12,"column":5}},{"start":{},"end":{}}],"line":10},"1":{"loc":{"start":{"line":67,"column":4},"end":{"line":69,"column":5}},"type":"if","locations":[{"start":{"line":67,"column":4},"end":{"line":69,"column":5}},{"start":{},"end":{}}],"line":67},"2":{"loc":{"start":{"line":72,"column":4},"end":{"line":74,"column":5}},"type":"if","locations":[{"start":{"line":72,"column":4},"end":{"line":74,"column":5}},{"start":{},"end":{}}],"line":72}},"s":{"0":4,"1":4,"2":4,"3":0,"4":0,"5":0,"6":0,"7":0,"8":0,"9":0,"10":0,"11":0,"12":0,"13":4,"14":0,"15":0,"16":0,"17":0,"18":4,"19":0,"20":0,"21":0,"22":0,"23":0,"24":4,"25":0,"26":0,"27":0,"28":0,"29":0,"30":0,"31":0,"32":0,"33":0,"34":0,"35":0,"36":0,"37":0,"38":0,"39":4},"f":{"0":0,"1":0,"2":0,"3":0},"b":{"0":[0,0],"1":[0,0],"2":[0,0]},"_coverageSchema":"1a1c01bbd47fc00a2c39e90264f33305004495a9","hash":"31095d52c5fc8a294c87e0fc6994285b25fed376"}
,"/Users/alejandroalbitestapia/Desktop/ale/programa-top/asessment-backend/src/controllers/user.controller.js": {"path":"/Users/alejandroalbitestapia/Desktop/ale/programa-top/asessment-backend/src/controllers/user.controller.js","statementMap":{"0":{"start":{"line":1,"column":13},"end":{"line":1,"column":44}},"1":{"start":{"line":2,"column":15},"end":{"line":2,"column":32}},"2":{"start":{"line":3,"column":24},"end":{"line":3,"column":57}},"3":{"start":{"line":5,"column":17},"end":{"line":29,"column":1}},"4":{"start":{"line":6,"column":2},"end":{"line":28,"column":3}},"5":{"start":{"line":7,"column":25},"end":{"line":7,"column":33}},"6":{"start":{"line":9,"column":28},"end":{"line":9,"column":58}},"7":{"start":{"line":11,"column":17},"end":{"line":11,"column":78}},"8":{"start":{"line":13,"column":18},"end":{"line":13,"column":45}},"9":{"start":{"line":15,"column":4},"end":{"line":20,"column":7}},"10":{"start":{"line":22,"column":4},"end":{"line":22,"column":21}},"11":{"start":{"line":23,"column":4},"end":{"line":27,"column":7}},"12":{"start":{"line":31,"column":14},"end":{"line":66,"column":1}},"13":{"start":{"line":32,"column":2},"end":{"line":65,"column":3}},"14":{"start":{"line":33,"column":32},"end":{"line":33,"column":40}},"15":{"start":{"line":35,"column":17},"end":{"line":35,"column":46}},"16":{"start":{"line":36,"column":4},"end":{"line":41,"column":5}},"17":{"start":{"line":38,"column":6},"end":{"line":40,"column":78}},"18":{"start":{"line":43,"column":29},"end":{"line":43,"column":74}},"19":{"start":{"line":44,"column":4},"end":{"line":49,"column":5}},"20":{"start":{"line":46,"column":6},"end":{"line":48,"column":78}},"21":{"start":{"line":51,"column":18},"end":{"line":51,"column":45}},"22":{"start":{"line":53,"column":4},"end":{"line":58,"column":7}},"23":{"start":{"line":60,"column":4},"end":{"line":64,"column":7}},"24":{"start":{"line":68,"column":0},"end":{"line":71,"column":2}}},"fnMap":{"0":{"name":"(anonymous_0)","decl":{"start":{"line":5,"column":17},"end":{"line":5,"column":18}},"loc":{"start":{"line":5,"column":37},"end":{"line":29,"column":1}},"line":5},"1":{"name":"(anonymous_1)","decl":{"start":{"line":31,"column":14},"end":{"line":31,"column":15}},"loc":{"start":{"line":31,"column":34},"end":{"line":66,"column":1}},"line":31}},"branchMap":{"0":{"loc":{"start":{"line":36,"column":4},"end":{"line":41,"column":5}},"type":"if","locations":[{"start":{"line":36,"column":4},"end":{"line":41,"column":5}},{"start":{},"end":{}}],"line":36},"1":{"loc":{"start":{"line":44,"column":4},"end":{"line":49,"column":5}},"type":"if","locations":[{"start":{"line":44,"column":4},"end":{"line":49,"column":5}},{"start":{},"end":{}}],"line":44}},"s":{"0":4,"1":4,"2":4,"3":4,"4":4,"5":4,"6":4,"7":4,"8":1,"9":1,"10":3,"11":3,"12":4,"13":3,"14":3,"15":3,"16":3,"17":1,"18":2,"19":2,"20":2,"21":0,"22":0,"23":0,"24":4},"f":{"0":4,"1":3},"b":{"0":[1,2],"1":[2,0]},"_coverageSchema":"1a1c01bbd47fc00a2c39e90264f33305004495a9","hash":"e65fe16a0f73f4e6d0bdb3b2704be7a8b2264404"}
,"/Users/alejandroalbitestapia/Desktop/ale/programa-top/asessment-backend/src/helpers/generateJWT.js": {"path":"/Users/alejandroalbitestapia/Desktop/ale/programa-top/asessment-backend/src/helpers/generateJWT.js","statementMap":{"0":{"start":{"line":1,"column":12},"end":{"line":1,"column":35}},"1":{"start":{"line":3,"column":20},"end":{"line":21,"column":1}},"2":{"start":{"line":4,"column":2},"end":{"line":20,"column":5}},"3":{"start":{"line":5,"column":20},"end":{"line":5,"column":27}},"4":{"start":{"line":6,"column":4},"end":{"line":19,"column":6}},"5":{"start":{"line":13,"column":8},"end":{"line":16,"column":9}},"6":{"start":{"line":14,"column":10},"end":{"line":14,"column":27}},"7":{"start":{"line":15,"column":10},"end":{"line":15,"column":45}},"8":{"start":{"line":17,"column":8},"end":{"line":17,"column":23}},"9":{"start":{"line":22,"column":0},"end":{"line":24,"column":2}}},"fnMap":{"0":{"name":"(anonymous_0)","decl":{"start":{"line":3,"column":20},"end":{"line":3,"column":21}},"loc":{"start":{"line":3,"column":29},"end":{"line":21,"column":1}},"line":3},"1":{"name":"(anonymous_1)","decl":{"start":{"line":4,"column":21},"end":{"line":4,"column":22}},"loc":{"start":{"line":4,"column":42},"end":{"line":20,"column":3}},"line":4},"2":{"name":"(anonymous_2)","decl":{"start":{"line":12,"column":6},"end":{"line":12,"column":7}},"loc":{"start":{"line":12,"column":22},"end":{"line":18,"column":7}},"line":12}},"branchMap":{"0":{"loc":{"start":{"line":13,"column":8},"end":{"line":16,"column":9}},"type":"if","locations":[{"start":{"line":13,"column":8},"end":{"line":16,"column":9}},{"start":{},"end":{}}],"line":13}},"s":{"0":4,"1":4,"2":1,"3":1,"4":1,"5":1,"6":0,"7":0,"8":1,"9":4},"f":{"0":1,"1":1,"2":1},"b":{"0":[0,1]},"_coverageSchema":"1a1c01bbd47fc00a2c39e90264f33305004495a9","hash":"793cee44240f011b0d311c441cdbb957e782b3db"}
,"/Users/alejandroalbitestapia/Desktop/ale/programa-top/asessment-backend/src/middlewares/validateJWT.js": {"path":"/Users/alejandroalbitestapia/Desktop/ale/programa-top/asessment-backend/src/middlewares/validateJWT.js","statementMap":{"0":{"start":{"line":1,"column":12},"end":{"line":1,"column":35}},"1":{"start":{"line":3,"column":20},"end":{"line":25,"column":1}},"2":{"start":{"line":4,"column":2},"end":{"line":24,"column":3}},"3":{"start":{"line":5,"column":30},"end":{"line":5,"column":41}},"4":{"start":{"line":7,"column":4},"end":{"line":9,"column":5}},"5":{"start":{"line":8,"column":6},"end":{"line":8,"column":45}},"6":{"start":{"line":11,"column":23},"end":{"line":11,"column":47}},"7":{"start":{"line":13,"column":4},"end":{"line":15,"column":5}},"8":{"start":{"line":14,"column":6},"end":{"line":14,"column":45}},"9":{"start":{"line":17,"column":20},"end":{"line":17,"column":66}},"10":{"start":{"line":19,"column":4},"end":{"line":19,"column":21}},"11":{"start":{"line":21,"column":4},"end":{"line":21,"column":11}},"12":{"start":{"line":23,"column":4},"end":{"line":23,"column":51}},"13":{"start":{"line":27,"column":0},"end":{"line":29,"column":2}}},"fnMap":{"0":{"name":"(anonymous_0)","decl":{"start":{"line":3,"column":20},"end":{"line":3,"column":21}},"loc":{"start":{"line":3,"column":40},"end":{"line":25,"column":1}},"line":3}},"branchMap":{"0":{"loc":{"start":{"line":7,"column":4},"end":{"line":9,"column":5}},"type":"if","locations":[{"start":{"line":7,"column":4},"end":{"line":9,"column":5}},{"start":{},"end":{}}],"line":7},"1":{"loc":{"start":{"line":13,"column":4},"end":{"line":15,"column":5}},"type":"if","locations":[{"start":{"line":13,"column":4},"end":{"line":15,"column":5}},{"start":{},"end":{}}],"line":13}},"s":{"0":4,"1":4,"2":6,"3":6,"4":6,"5":2,"6":4,"7":4,"8":2,"9":2,"10":0,"11":0,"12":6,"13":4},"f":{"0":6},"b":{"0":[2,4],"1":[2,2]},"_coverageSchema":"1a1c01bbd47fc00a2c39e90264f33305004495a9","hash":"19de3ce08541bc14234b3ded05f0bd84c5567244"}
,"/Users/alejandroalbitestapia/Desktop/ale/programa-top/asessment-backend/src/models/fav.model.js": {"path":"/Users/alejandroalbitestapia/Desktop/ale/programa-top/asessment-backend/src/models/fav.model.js","statementMap":{"0":{"start":{"line":1,"column":26},"end":{"line":1,"column":45}},"1":{"start":{"line":3,"column":18},"end":{"line":29,"column":1}},"2":{"start":{"line":31,"column":12},"end":{"line":31,"column":35}},"3":{"start":{"line":33,"column":0},"end":{"line":33,"column":21}}},"fnMap":{},"branchMap":{},"s":{"0":4,"1":4,"2":4,"3":4},"f":{},"b":{},"_coverageSchema":"1a1c01bbd47fc00a2c39e90264f33305004495a9","hash":"2b12fec8b87d0c9a061b222ff698ce51a6298729"}
,"/Users/alejandroalbitestapia/Desktop/ale/programa-top/asessment-backend/src/models/listFavs.model.js": {"path":"/Users/alejandroalbitestapia/Desktop/ale/programa-top/asessment-backend/src/models/listFavs.model.js","statementMap":{"0":{"start":{"line":1,"column":26},"end":{"line":1,"column":45}},"1":{"start":{"line":3,"column":23},"end":{"line":24,"column":1}},"2":{"start":{"line":26,"column":17},"end":{"line":26,"column":50}},"3":{"start":{"line":28,"column":0},"end":{"line":28,"column":26}}},"fnMap":{},"branchMap":{},"s":{"0":4,"1":4,"2":4,"3":4},"f":{},"b":{},"_coverageSchema":"1a1c01bbd47fc00a2c39e90264f33305004495a9","hash":"b31248d19870bf7ad2b144529b4a6a5e0e739f44"}
,"/Users/alejandroalbitestapia/Desktop/ale/programa-top/asessment-backend/src/models/user.model.js": {"path":"/Users/alejandroalbitestapia/Desktop/ale/programa-top/asessment-backend/src/models/user.model.js","statementMap":{"0":{"start":{"line":1,"column":34},"end":{"line":1,"column":53}},"1":{"start":{"line":2,"column":19},"end":{"line":2,"column":53}},"2":{"start":{"line":4,"column":19},"end":{"line":30,"column":1}},"3":{"start":{"line":12,"column":23},"end":{"line":12,"column":59}},"4":{"start":{"line":13,"column":10},"end":{"line":13,"column":23}},"5":{"start":{"line":32,"column":13},"end":{"line":32,"column":38}},"6":{"start":{"line":34,"column":0},"end":{"line":34,"column":22}}},"fnMap":{"0":{"name":"(anonymous_0)","decl":{"start":{"line":11,"column":8},"end":{"line":11,"column":9}},"loc":{"start":{"line":11,"column":31},"end":{"line":14,"column":9}},"line":11}},"branchMap":{},"s":{"0":4,"1":4,"2":4,"3":11,"4":11,"5":4,"6":4},"f":{"0":11},"b":{},"_coverageSchema":"1a1c01bbd47fc00a2c39e90264f33305004495a9","hash":"80c152705bc3cc0371e9ef2f713d51034fba6332"}
,"/Users/alejandroalbitestapia/Desktop/ale/programa-top/asessment-backend/src/routes/fav.js": {"path":"/Users/alejandroalbitestapia/Desktop/ale/programa-top/asessment-backend/src/routes/fav.js","statementMap":{"0":{"start":{"line":1,"column":15},"end":{"line":1,"column":42}},"1":{"start":{"line":7,"column":4},"end":{"line":7,"column":44}},"2":{"start":{"line":8,"column":24},"end":{"line":8,"column":61}},"3":{"start":{"line":10,"column":0},"end":{"line":10,"column":50}},"4":{"start":{"line":11,"column":0},"end":{"line":11,"column":47}},"5":{"start":{"line":12,"column":0},"end":{"line":12,"column":54}},"6":{"start":{"line":13,"column":0},"end":{"line":13,"column":60}},"7":{"start":{"line":15,"column":0},"end":{"line":15,"column":24}}},"fnMap":{},"branchMap":{},"s":{"0":4,"1":4,"2":4,"3":4,"4":4,"5":4,"6":4,"7":4},"f":{},"b":{},"_coverageSchema":"1a1c01bbd47fc00a2c39e90264f33305004495a9","hash":"55e82e3bcd7008f9c21be498cd04ec15dca8187a"}
,"/Users/alejandroalbitestapia/Desktop/ale/programa-top/asessment-backend/src/routes/listFavs.js": {"path":"/Users/alejandroalbitestapia/Desktop/ale/programa-top/asessment-backend/src/routes/listFavs.js","statementMap":{"0":{"start":{"line":1,"column":15},"end":{"line":1,"column":42}},"1":{"start":{"line":7,"column":4},"end":{"line":7,"column":49}},"2":{"start":{"line":8,"column":24},"end":{"line":8,"column":61}},"3":{"start":{"line":10,"column":0},"end":{"line":10,"column":42}},"4":{"start":{"line":11,"column":0},"end":{"line":11,"column":39}},"5":{"start":{"line":12,"column":0},"end":{"line":12,"column":43}},"6":{"start":{"line":13,"column":0},"end":{"line":13,"column":49}},"7":{"start":{"line":15,"column":0},"end":{"line":15,"column":24}}},"fnMap":{},"branchMap":{},"s":{"0":4,"1":4,"2":4,"3":4,"4":4,"5":4,"6":4,"7":4},"f":{},"b":{},"_coverageSchema":"1a1c01bbd47fc00a2c39e90264f33305004495a9","hash":"8107dca330d23b07ef10f09849c2ba725f929dff"}
,"/Users/alejandroalbitestapia/Desktop/ale/programa-top/asessment-backend/src/routes/user.js": {"path":"/Users/alejandroalbitestapia/Desktop/ale/programa-top/asessment-backend/src/routes/user.js","statementMap":{"0":{"start":{"line":1,"column":15},"end":{"line":1,"column":42}},"1":{"start":{"line":2,"column":28},"end":{"line":2,"column":69}},"2":{"start":{"line":4,"column":0},"end":{"line":4,"column":35}},"3":{"start":{"line":5,"column":0},"end":{"line":5,"column":29}},"4":{"start":{"line":7,"column":0},"end":{"line":7,"column":24}}},"fnMap":{},"branchMap":{},"s":{"0":4,"1":4,"2":4,"3":4,"4":4},"f":{},"b":{},"_coverageSchema":"1a1c01bbd47fc00a2c39e90264f33305004495a9","hash":"995bad130f2747c2ef0489b56c9c9a7f96f2fe5a"}
}
