TN:
SF:src/app.js
FNF:0
FNH:0
DA:1,4
DA:2,4
DA:3,4
DA:5,4
DA:6,4
DA:7,4
DA:9,4
DA:12,4
DA:13,4
DA:16,4
DA:17,4
DA:18,4
DA:20,4
LF:13
LH:13
BRF:0
BRH:0
end_of_record
TN:
SF:src/db.js
FN:5,connect
FN:17,(anonymous_1)
FN:20,(anonymous_2)
FN:21,(anonymous_3)
FN:26,disconnected
FN:31,cleanup
FNF:6
FNH:5
FNDA:4,connect
FNDA:4,(anonymous_1)
FNDA:4,(anonymous_2)
FNDA:0,(anonymous_3)
FNDA:4,disconnected
FNDA:14,cleanup
DA:1,4
DA:6,4
DA:8,4
DA:10,4
DA:15,4
DA:17,4
DA:18,4
DA:20,4
DA:21,4
DA:23,4
DA:27,4
DA:28,4
DA:32,14
DA:33,42
DA:37,4
LF:15
LH:15
BRDA:6,0,0,0
BRDA:6,0,1,4
BRDA:27,1,0,0
BRDA:27,1,1,4
BRF:4
BRH:2
end_of_record
TN:
SF:src/controllers/fav.controller.js
FN:5,(anonymous_0)
FN:40,(anonymous_1)
FN:51,(anonymous_2)
FN:67,(anonymous_3)
FNF:4
FNH:0
FNDA:0,(anonymous_0)
FNDA:0,(anonymous_1)
FNDA:0,(anonymous_2)
FNDA:0,(anonymous_3)
DA:1,4
DA:2,4
DA:3,4
DA:5,4
DA:6,0
DA:7,0
DA:8,0
DA:10,0
DA:12,0
DA:13,0
DA:16,0
DA:17,0
DA:18,0
DA:21,0
DA:22,0
DA:25,0
DA:27,0
DA:33,0
DA:35,0
DA:36,0
DA:40,4
DA:41,0
DA:42,0
DA:44,0
DA:46,0
DA:47,0
DA:51,4
DA:52,0
DA:53,0
DA:54,0
DA:55,0
DA:56,0
DA:59,0
DA:61,0
DA:67,4
DA:68,0
DA:69,0
DA:70,0
DA:72,0
DA:73,0
DA:74,0
DA:76,0
DA:77,0
DA:78,0
DA:80,0
DA:82,0
DA:83,0
DA:85,0
DA:86,0
DA:93,0
DA:95,0
DA:96,0
DA:102,4
LF:53
LH:8
BRDA:12,0,0,0
BRDA:12,0,1,0
BRDA:17,1,0,0
BRDA:17,1,1,0
BRDA:21,2,0,0
BRDA:21,2,1,0
BRDA:55,3,0,0
BRDA:55,3,1,0
BRDA:73,4,0,0
BRDA:73,4,1,0
BRDA:77,5,0,0
BRDA:77,5,1,0
BRDA:82,6,0,0
BRDA:82,6,1,0
BRF:14
BRH:0
end_of_record
TN:
SF:src/controllers/listFavs.controller.js
FN:4,(anonymous_0)
FN:32,(anonymous_1)
FN:46,(anonymous_2)
FN:61,(anonymous_3)
FNF:4
FNH:0
FNDA:0,(anonymous_0)
FNDA:0,(anonymous_1)
FNDA:0,(anonymous_2)
FNDA:0,(anonymous_3)
DA:1,4
DA:2,4
DA:4,4
DA:5,0
DA:6,0
DA:8,0
DA:10,0
DA:11,0
DA:13,0
DA:15,0
DA:21,0
DA:25,0
DA:26,0
DA:32,4
DA:33,0
DA:34,0
DA:36,0
DA:40,0
DA:46,4
DA:47,0
DA:48,0
DA:49,0
DA:51,0
DA:55,0
DA:61,4
DA:62,0
DA:63,0
DA:64,0
DA:66,0
DA:67,0
DA:68,0
DA:70,0
DA:72,0
DA:73,0
DA:75,0
DA:76,0
DA:83,0
DA:87,0
DA:88,0
DA:94,4
LF:40
LH:7
BRDA:10,0,0,0
BRDA:10,0,1,0
BRDA:67,1,0,0
BRDA:67,1,1,0
BRDA:72,2,0,0
BRDA:72,2,1,0
BRF:6
BRH:0
end_of_record
TN:
SF:src/controllers/user.controller.js
FN:5,(anonymous_0)
FN:31,(anonymous_1)
FNF:2
FNH:2
FNDA:4,(anonymous_0)
FNDA:3,(anonymous_1)
DA:1,4
DA:2,4
DA:3,4
DA:5,4
DA:6,4
DA:7,4
DA:9,4
DA:11,4
DA:13,1
DA:15,1
DA:22,3
DA:23,3
DA:31,4
DA:32,3
DA:33,3
DA:35,3
DA:36,3
DA:38,1
DA:43,2
DA:44,2
DA:46,2
DA:51,0
DA:53,0
DA:60,0
DA:68,4
LF:25
LH:22
BRDA:36,0,0,1
BRDA:36,0,1,2
BRDA:44,1,0,2
BRDA:44,1,1,0
BRF:4
BRH:3
end_of_record
TN:
SF:src/helpers/generateJWT.js
FN:3,(anonymous_0)
FN:4,(anonymous_1)
FN:12,(anonymous_2)
FNF:3
FNH:3
FNDA:1,(anonymous_0)
FNDA:1,(anonymous_1)
FNDA:1,(anonymous_2)
DA:1,4
DA:3,4
DA:4,1
DA:5,1
DA:6,1
DA:13,1
DA:14,0
DA:15,0
DA:17,1
DA:22,4
LF:10
LH:8
BRDA:13,0,0,0
BRDA:13,0,1,1
BRF:2
BRH:1
end_of_record
TN:
SF:src/middlewares/validateJWT.js
FN:3,(anonymous_0)
FNF:1
FNH:1
FNDA:6,(anonymous_0)
DA:1,4
DA:3,4
DA:4,6
DA:5,6
DA:7,6
DA:8,2
DA:11,4
DA:13,4
DA:14,2
DA:17,2
DA:19,0
DA:21,0
DA:23,6
DA:27,4
LF:14
LH:12
BRDA:7,0,0,2
BRDA:7,0,1,4
BRDA:13,1,0,2
BRDA:13,1,1,2
BRF:4
BRH:4
end_of_record
TN:
SF:src/models/fav.model.js
FNF:0
FNH:0
DA:1,4
DA:3,4
DA:31,4
DA:33,4
LF:4
LH:4
BRF:0
BRH:0
end_of_record
TN:
SF:src/models/listFavs.model.js
FNF:0
FNH:0
DA:1,4
DA:3,4
DA:26,4
DA:28,4
LF:4
LH:4
BRF:0
BRH:0
end_of_record
TN:
SF:src/models/user.model.js
FN:11,(anonymous_0)
FNF:1
FNH:1
FNDA:11,(anonymous_0)
DA:1,4
DA:2,4
DA:4,4
DA:12,11
DA:13,11
DA:32,4
DA:34,4
LF:7
LH:7
BRF:0
BRH:0
end_of_record
TN:
SF:src/routes/fav.js
FNF:0
FNH:0
DA:1,4
DA:7,4
DA:8,4
DA:10,4
DA:11,4
DA:12,4
DA:13,4
DA:15,4
LF:8
LH:8
BRF:0
BRH:0
end_of_record
TN:
SF:src/routes/listFavs.js
FNF:0
FNH:0
DA:1,4
DA:7,4
DA:8,4
DA:10,4
DA:11,4
DA:12,4
DA:13,4
DA:15,4
LF:8
LH:8
BRF:0
BRH:0
end_of_record
TN:
SF:src/routes/user.js
FNF:0
FNH:0
DA:1,4
DA:2,4
DA:4,4
DA:5,4
DA:7,4
LF:5
LH:5
BRF:0
BRH:0
end_of_record
